<?xml version="1.0" encoding="UTF-8"?>
<testsuite name="TestSuite" time="24.558" tests="9" errors="0" skipped="0" failures="0">
  <properties>
[...]
</properties>
  <testcase name="we_should_be_able_to_configure_values_from_properties_files" classname="com.mkyong.suites.SampleSuiteITest" time="0.002"/>
  <testcase name="we_should_be_able_to_pass_desired_urls_to_pages" classname="com.mkyong.suites.SampleSuiteITest" time="11.285"/>
  <testcase name="we_should_be_able_to_control_screensize_via_annotations" classname="com.mkyong.suites.SampleSuiteITest" time="11.577"/>
  <testcase name="we_should_be_able_to_set_the_user_agent_on_a_test_by_test_basis" classname="com.mkyong.suites.SampleSuiteITest" time="0"/>
  <testcase name="we_should_be_able_to_view_google_with_phantom" classname="com.mkyong.suites.SampleSuiteITest" time="0.635"/>
  <testcase name="we_should_be_default_screensize_to_Phone" classname="com.mkyong.suites.SampleSuiteITest" time="0.645"/>
  <testcase name="we_should_get_an_error_when_calling_factory_methods_with_a_return_type_that_does_not_extend_Page" classname="com.mkyong.suites.SampleSuiteITest" time="0"/>
  <testcase name="we_should_be_able_to_return_new_pages_from_pages" classname="com.mkyong.suites.SampleSuiteITest" time="0.084"/>
  <testcase name="we_should_get_an_error_when_initializing_a_page_that_is_not_viewable_from_the_current_url" classname="com.mkyong.suites.SampleSuiteITest" time="0.33"/>
</testsuite>